Step: build-step-credential-initializer-tlqlk:

{"level":"warn","ts":1553860785.8009803,"logger":"fallback-logger","caller":"logging/config.go:65","msg":"Fetch GitHub commit ID from kodata failed: \"ref: refs/heads/backport-container-name-fix\" is not a valid GitHub commit ID"}
{"level":"info","ts":1553860785.834848,"logger":"fallback-logger","caller":"creds-init/main.go:40","msg":"Credentials initialized."}
Step: build-step-git-source-warrenbailey-jx-app-cheese-move-to-tekton:

{"level":"warn","ts":1553860787.435454,"logger":"fallback-logger","caller":"logging/config.go:65","msg":"Fetch GitHub commit ID from kodata failed: \"ref: refs/heads/backport-container-name-fix\" is not a valid GitHub commit ID"}
{"level":"info","ts":1553860788.8725548,"logger":"fallback-logger","caller":"git-init/main.go:99","msg":"Successfully cloned \"https://github.com/warrenbailey/jx-app-cheese\" @ \"v0.0.66\" in path \"/workspace/source\""}
Step: build-step-place-tools:

Step: build-step-setup-jx-git-credentials:

Generated Git credentials file /workspace/xdg_config/git/credentials
Step: build-step-build-build:

go build -o bin/jx-brie brie.go
go: finding github.com/progrium/go-basher v0.0.0-20170201215011-6a5b35fcdaea
go: finding github.com/kardianos/osext v0.0.0-20170510131534-ae77be60afb1
go: finding github.com/mitchellh/go-homedir v1.0.0
go: finding github.com/progrium/gh-release v2.2.1+incompatible
Step: build-step-build-tag:

sed -i -e "s/version:.*/version: 0.0.66/" Chart.yaml
sed -i -e "s/tag: .*/tag: 0.0.66/" values.yaml
git add --all
git commit -m "release 0.0.66" --allow-empty # if first release then no verion update is performed
[master 2639ac2] release 0.0.66
git tag -fa v0.0.66 -m "Release version 0.0.66"
Step: build-step-build-helm-build:

No $CHART_REPOSITORY defined so using the default value of: http://jenkins-x-chartmuseum:8080
Adding missing Helm repo: jenkins-x http://chartmuseum.jenkins-x.io
Successfully added Helm repository jenkins-x.
Adding missing Helm repo: releases http://jenkins-x-chartmuseum:8080
Successfully added Helm repository releases.
Step: build-step-build-helm-version:

Modified file Chart.yaml to set the chart to version 1
