Step: build-step-credential-initializer-fcm5n:

{"level":"warn","ts":1553859360.1713417,"logger":"fallback-logger","caller":"logging/config.go:65","msg":"Fetch GitHub commit ID from kodata failed: \"ref: refs/heads/backport-container-name-fix\" is not a valid GitHub commit ID"}
{"level":"info","ts":1553859360.1781042,"logger":"fallback-logger","caller":"creds-init/main.go:40","msg":"Credentials initialized."}
Step: build-step-git-source-warrenbailey-jx-app-cheese-move-to-tekton:

{"level":"warn","ts":1553859361.9449193,"logger":"fallback-logger","caller":"logging/config.go:65","msg":"Fetch GitHub commit ID from kodata failed: \"ref: refs/heads/backport-container-name-fix\" is not a valid GitHub commit ID"}
{"level":"info","ts":1553859364.626893,"logger":"fallback-logger","caller":"git-init/main.go:99","msg":"Successfully cloned \"https://github.com/warrenbailey/jx-app-cheese\" @ \"v0.0.65\" in path \"/workspace/source\""}
Step: build-step-place-tools:

Step: build-step-setup-jx-git-credentials:

Generated Git credentials file /workspace/xdg_config/git/credentials
Step: build-step-build-tag:

sed -i -e "s/version:.*/version: 0.0.65/" Chart.yaml
sed -i -e "s/tag: .*/tag: 0.0.65/" values.yaml
git add --all
git commit -m "release 0.0.65" --allow-empty # if first release then no verion update is performed
[master 2beadcb] release 0.0.65
git tag -fa v0.0.65 -m "Release version 0.0.65"
Step: build-step-build-helm-build:

No $CHART_REPOSITORY defined so using the default value of: http://jenkins-x-chartmuseum:8080
Adding missing Helm repo: jenkins-x http://chartmuseum.jenkins-x.io
Successfully added Helm repository jenkins-x.
Adding missing Helm repo: releases http://jenkins-x-chartmuseum:8080
Successfully added Helm repository releases.
Step: build-step-build-helm-version:

Modified file Chart.yaml to set the chart to version 8
